[reserved-operators-543471.framer.app/index.html]
[backblue.gif]
[fade.gif]
[index.html]
[framerusercontent.com/sites/icons/default-favicon.v3.png]
[reserved-operators-543471.framer.app/old-home.html]
[framerusercontent.com/images/GHT3zoRjjdUJAKAQ8S1Rv3Qoxs.png]
[framerusercontent.com/images/AoqJUWMA1TuzsDpNpu7FwITh82A.png]
[framerusercontent.com/images/GPUg1M13zfXiYvc3KJcAEkgTx60.jpg]
[framerusercontent.com/images/zNxcjl3zI71p05W96EdhQ458Haw.png]
[reserved-operators-543471.framer.app/pricing.html]
[framerusercontent.com/images/yZm39RbwibnnPQSFzfwhUfKhXs8.png]
[framerusercontent.com/images/vQjB1FC6LGFTC0OLAaTeGAKHI.png]
[reserved-operators-543471.framer.app/Live-video-shopping.html]
[framerusercontent.com/images/6FjbvUDJdsPYXnObvdxUI6FXkA.png]
[reserved-operators-543471.framer.app/student-partner-program.html]
[framerusercontent.com/images/kKSU1ZaXXEcUw7fqomQbCUhJJJY.png]
[reserved-operators-543471.framer.app/Internshala-redesign.html]
[framerusercontent.com/images/fsxVbneAPJrDJbOqvaIuh6rmF98.png]
[framerusercontent.com/images/Bcl7Bt8G4xQ4kEUXZDSyOdP28SM.png]
[framerusercontent.com/images/vZknsTEGKsdKFUQpNNc68EauCRsbf23.png]
[framerusercontent.com/images/NSljQ14lRVQn11I88mnvLkC6Nyo.png]
[framerusercontent.com/images/wr26cMfHJie6rAsQ6OYv3TP53fI.png]
[framerusercontent.com/images/yfkrDkrsSSkRIb3Uoxj6u9QGk.png]
[framerusercontent.com/images/ZdAXPyX8sT0peTNNFviZg05kI.png]
[framerusercontent.com/images/1ZWuve9cYG7boa3MiEsWxBzwX5A.png]
[framerusercontent.com/images/PVTuYRquRquMHTOHfmwGIVFtE.png]
[framerusercontent.com/images/2FlNhKAod9ZiYxIcC3oGJrZ6VE.png]
[framerusercontent.com/images/Q1477RgbB58mX9kaiaLi0LjUg.png]
[framerusercontent.com/images/ySogyI1MgSPXBkfWg1Dnos4zFU.png]
[framerusercontent.com/images/IgX9kUK7vkv2eJUyUIUFNU4i8k.png]
[framerusercontent.com/images/Qi4aBrCKvv5kpbDgXwbdhrICh8I.png]
[framerusercontent.com/images/NsjfxUdFp7vid0R0iLJ1mWACHg.png]
[framerusercontent.com/images/aWpLUXHm0iVnJX6w0BVTN8VSIu4.png]
[reserved-operators-543471.framer.app/index.html]
[reserved-operators-543471.framer.app/old-home.html]
[reserved-operators-543471.framer.app/&apos;data_image/svg+xml;utf8,_svg xmlns=_http_/www.w3.org/2000/svg_ xmlns_xlink=_http_/www.w3.org/1999/xlink_ viewBox=_0 0 773 46___path d=_M 244.136 9.819 C 220.958 13.452]
[reserved-operators-543471.framer.app/&apos;data_image/svg+xml;utf8,_svg xmlns=_http_/www.w3.org/2000/svg_ xmlns_xlink=_http_/www.w3.org/1999/xlink_ viewBox=_0 0 731 44___path d=_M 230.871 9.392 C 208.953 12.867]
[reserved-operators-543471.framer.app/&apos;data_image/svg+xml;utf8,_svg xmlns=_http_/www.w3.org/2000/svg_ xmlns_xlink=_http_/www.w3.org/1999/xlink_ viewBox=_0 0 394 24___path d=_M 124.437 5.123 C 112.623 7.018]
[framerusercontent.com/images/tunJYTVwINMQkJxtIilUgOkKVM.png]
[framerusercontent.com/images/lN8X8anhwgt6i9EcMPQcJQDo.png]
[framerusercontent.com/images/yVKwNSkYo52jqZ8zRsg0AvPGXZ8.png]
[framerusercontent.com/images/FycoMyBwN6M15WAOZdFJWboww0I.jpg]
[framerusercontent.com/images/giu5hlWIweP8dtSHdaoDLTy3Z8.jpg]
[framerusercontent.com/images/y2C5eQN2Z4e06QlhZE6JZLUkg5c.jpg]
[framerusercontent.com/images/qOpS6DHKsTc3UHgUvYLzkHBzCWY.png]
[framerusercontent.com/images/AxNFY4GHwOLQwEX62lFgK6Cwgf0.png]
[framerusercontent.com/images/tbVVnT1NdM020sdZMazxOiIB9Q.png]
[framerusercontent.com/images/LkKw1h6ubRKxjkCE1Lbc1ukO2Abf23.png]
[framerusercontent.com/images/3lbOkLnzj4ETMrcEunA9FUwzWP4.png]
[framerusercontent.com/images/yAuclwDcxpZGd9V4HDYhfuHKisbf23.png]
[framerusercontent.com/images/MfbFoaKa3sOmf6ierZQBiFq0v7Ubf23.png]
[framerusercontent.com/images/3jB7eraNQ7CV40JkrjU9MOCwbf23.png]
[reserved-operators-543471.framer.app/pricing.html]
[framerusercontent.com/images/K5lYfFTnthFfSbN2CBP8JJJfkw.png]
[framerusercontent.com/images/zlMkcZok370xQ41fDYqX85RBU.png]
[framerusercontent.com/images/fMVZilMMdFWERJ20E1Trr3i8.png]
[framerusercontent.com/images/AeEC4K9HK1cpTSBzf14ahRZltKk.png]
[framerusercontent.com/images/K9EghOMbYZnB0bcLYTNij6TlY.png]
[framerusercontent.com/images/aeI97DpxeY8uKhw65NHSCxwQUC0.png]
[framerusercontent.com/images/KGWDsW0aiEYg7GZ18Fk9NDib0.png]
[reserved-operators-543471.framer.app/Live-video-shopping.html]
[framerusercontent.com/images/jnGVVFLoisMFTlJrmmFnWXXBY.png]
[framerusercontent.com/images/SDt7sx6WcyUQ60aTh7qSEKDrVo.png]
[framerusercontent.com/images/70YizLcmd5wV8z5YdRR4SylTexgbf23.png]
[framerusercontent.com/images/cwLrmn4E1isc9bRSYyAlaRvvCzo.png]
[framerusercontent.com/images/S2HL2Om6ZTP6lnCph3OxLoen65c.png]
[framerusercontent.com/images/yisYwMJVFAjzrNhXhvXyzI4.png]
[reserved-operators-543471.framer.app/student-partner-program.html]
[framerusercontent.com/images/Zsg6w6ziN30wSIExCITj7aXPU.png]
[framerusercontent.com/images/N674YzzbdiD4KAdIJow7hyd4.png]
[framerusercontent.com/images/rUa6QC93TtoIxU7WMnh2I6lWHLw.png]
[framerusercontent.com/images/tCu49wthROsxKU1e7vtMDwvvY.png]
[framerusercontent.com/images/1ANQBZoYniSphWaH7PK3PyPI0Cs.png]
[framerusercontent.com/images/9BXTUDvSNOMUNsdcKLLGcx9x9y8.png]
[framerusercontent.com/images/lf7kXzHZoZfwmJZKtQnqtetEuPE.png]
[framerusercontent.com/images/28G1MYRuqMlrKGnhYLmbEgUB4.png]
[framerusercontent.com/images/Nj5TApUu5ar166Xql8UoYwXxhsY.png]
[framerusercontent.com/images/GmbuCOHj7Vd3vEenLx9flNzBVw.png]
[reserved-operators-543471.framer.app/Internshala-redesign.html]
